{"/Users/vovaruzhak/Desktop/Database_Final_Project/backend/routes/employees.js": {"path":"/Users/vovaruzhak/Desktop/Database_Final_Project/backend/routes/employees.js","statementMap":{"0":{"start":{"line":1,"column":16},"end":{"line":1,"column":34}},"1":{"start":{"line":2,"column":21},"end":{"line":2,"column":39}},"2":{"start":{"line":3,"column":15},"end":{"line":3,"column":31}},"3":{"start":{"line":6,"column":21},"end":{"line":9,"column":1}},"4":{"start":{"line":7,"column":4},"end":{"line":7,"column":31}},"5":{"start":{"line":8,"column":4},"end":{"line":8,"column":11}},"6":{"start":{"line":11,"column":0},"end":{"line":11,"column":25}},"7":{"start":{"line":14,"column":0},"end":{"line":22,"column":3}},"8":{"start":{"line":15,"column":4},"end":{"line":21,"column":5}},"9":{"start":{"line":16,"column":27},"end":{"line":16,"column":57}},"10":{"start":{"line":17,"column":26},"end":{"line":17,"column":61}},"11":{"start":{"line":18,"column":8},"end":{"line":18,"column":28}},"12":{"start":{"line":20,"column":8},"end":{"line":20,"column":42}},"13":{"start":{"line":24,"column":0},"end":{"line":24,"column":24}}},"fnMap":{"0":{"name":"(anonymous_0)","decl":{"start":{"line":6,"column":21},"end":{"line":6,"column":22}},"loc":{"start":{"line":6,"column":41},"end":{"line":9,"column":1}},"line":6},"1":{"name":"(anonymous_1)","decl":{"start":{"line":14,"column":16},"end":{"line":14,"column":17}},"loc":{"start":{"line":14,"column":36},"end":{"line":22,"column":1}},"line":14}},"branchMap":{},"s":{"0":1,"1":1,"2":1,"3":1,"4":1,"5":1,"6":1,"7":1,"8":1,"9":1,"10":1,"11":1,"12":0,"13":1},"f":{"0":1,"1":1},"b":{},"_coverageSchema":"1a1c01bbd47fc00a2c39e90264f33305004495a9","hash":"12ecdf368e4c8f568b8b8eb95707d2845f2fe0ba"}
,"/Users/vovaruzhak/Desktop/Database_Final_Project/backend/routes/trucks.js": {"path":"/Users/vovaruzhak/Desktop/Database_Final_Project/backend/routes/trucks.js","statementMap":{"0":{"start":{"line":1,"column":16},"end":{"line":1,"column":34}},"1":{"start":{"line":2,"column":21},"end":{"line":2,"column":39}},"2":{"start":{"line":3,"column":15},"end":{"line":3,"column":31}},"3":{"start":{"line":6,"column":21},"end":{"line":9,"column":1}},"4":{"start":{"line":7,"column":4},"end":{"line":7,"column":31}},"5":{"start":{"line":8,"column":4},"end":{"line":8,"column":11}},"6":{"start":{"line":11,"column":0},"end":{"line":11,"column":25}},"7":{"start":{"line":14,"column":0},"end":{"line":22,"column":3}},"8":{"start":{"line":15,"column":4},"end":{"line":21,"column":5}},"9":{"start":{"line":16,"column":27},"end":{"line":16,"column":54}},"10":{"start":{"line":17,"column":23},"end":{"line":17,"column":58}},"11":{"start":{"line":18,"column":8},"end":{"line":18,"column":37}},"12":{"start":{"line":20,"column":8},"end":{"line":20,"column":55}},"13":{"start":{"line":25,"column":0},"end":{"line":34,"column":3}},"14":{"start":{"line":26,"column":21},"end":{"line":26,"column":29}},"15":{"start":{"line":27,"column":4},"end":{"line":33,"column":5}},"16":{"start":{"line":28,"column":27},"end":{"line":28,"column":54}},"17":{"start":{"line":29,"column":23},"end":{"line":29,"column":59}},"18":{"start":{"line":30,"column":8},"end":{"line":30,"column":70}},"19":{"start":{"line":32,"column":8},"end":{"line":32,"column":55}},"20":{"start":{"line":37,"column":0},"end":{"line":55,"column":3}},"21":{"start":{"line":38,"column":19},"end":{"line":38,"column":29}},"22":{"start":{"line":39,"column":25},"end":{"line":39,"column":33}},"23":{"start":{"line":40,"column":4},"end":{"line":54,"column":5}},"24":{"start":{"line":41,"column":8},"end":{"line":41,"column":32}},"25":{"start":{"line":42,"column":27},"end":{"line":42,"column":54}},"26":{"start":{"line":43,"column":23},"end":{"line":46,"column":9}},"27":{"start":{"line":47,"column":8},"end":{"line":51,"column":9}},"28":{"start":{"line":48,"column":12},"end":{"line":48,"column":76}},"29":{"start":{"line":50,"column":12},"end":{"line":50,"column":65}},"30":{"start":{"line":53,"column":8},"end":{"line":53,"column":55}},"31":{"start":{"line":58,"column":0},"end":{"line":71,"column":3}},"32":{"start":{"line":59,"column":19},"end":{"line":59,"column":29}},"33":{"start":{"line":60,"column":4},"end":{"line":70,"column":5}},"34":{"start":{"line":61,"column":27},"end":{"line":61,"column":54}},"35":{"start":{"line":62,"column":23},"end":{"line":62,"column":76}},"36":{"start":{"line":63,"column":8},"end":{"line":67,"column":9}},"37":{"start":{"line":64,"column":12},"end":{"line":64,"column":76}},"38":{"start":{"line":66,"column":12},"end":{"line":66,"column":65}},"39":{"start":{"line":69,"column":8},"end":{"line":69,"column":55}},"40":{"start":{"line":73,"column":0},"end":{"line":73,"column":24}}},"fnMap":{"0":{"name":"(anonymous_0)","decl":{"start":{"line":6,"column":21},"end":{"line":6,"column":22}},"loc":{"start":{"line":6,"column":41},"end":{"line":9,"column":1}},"line":6},"1":{"name":"(anonymous_1)","decl":{"start":{"line":14,"column":16},"end":{"line":14,"column":17}},"loc":{"start":{"line":14,"column":36},"end":{"line":22,"column":1}},"line":14},"2":{"name":"(anonymous_2)","decl":{"start":{"line":25,"column":17},"end":{"line":25,"column":18}},"loc":{"start":{"line":25,"column":37},"end":{"line":34,"column":1}},"line":25},"3":{"name":"(anonymous_3)","decl":{"start":{"line":37,"column":19},"end":{"line":37,"column":20}},"loc":{"start":{"line":37,"column":39},"end":{"line":55,"column":1}},"line":37},"4":{"name":"(anonymous_4)","decl":{"start":{"line":58,"column":22},"end":{"line":58,"column":23}},"loc":{"start":{"line":58,"column":42},"end":{"line":71,"column":1}},"line":58}},"branchMap":{"0":{"loc":{"start":{"line":47,"column":8},"end":{"line":51,"column":9}},"type":"if","locations":[{"start":{"line":47,"column":8},"end":{"line":51,"column":9}},{"start":{"line":49,"column":15},"end":{"line":51,"column":9}}],"line":47},"1":{"loc":{"start":{"line":63,"column":8},"end":{"line":67,"column":9}},"type":"if","locations":[{"start":{"line":63,"column":8},"end":{"line":67,"column":9}},{"start":{"line":65,"column":15},"end":{"line":67,"column":9}}],"line":63}},"s":{"0":4,"1":4,"2":4,"3":4,"4":4,"5":4,"6":4,"7":4,"8":1,"9":1,"10":1,"11":1,"12":0,"13":4,"14":1,"15":1,"16":1,"17":1,"18":1,"19":0,"20":4,"21":1,"22":1,"23":1,"24":1,"25":1,"26":1,"27":1,"28":1,"29":0,"30":0,"31":4,"32":1,"33":1,"34":1,"35":1,"36":1,"37":1,"38":0,"39":0,"40":4},"f":{"0":4,"1":1,"2":1,"3":1,"4":1},"b":{"0":[1,0],"1":[1,0]},"_coverageSchema":"1a1c01bbd47fc00a2c39e90264f33305004495a9","hash":"d608a3cc2b06d4046530f4b207bcbc62961cb8cf"}
}
