TN:
SF:models/Employee.js
FNF:0
FNH:0
DA:1,1
DA:3,1
DA:26,1
DA:28,1
LF:4
LH:4
BRF:0
BRH:0
end_of_record
TN:
SF:models/Truck.js
FNF:0
FNH:0
DA:1,4
DA:3,4
DA:26,4
DA:28,4
LF:4
LH:4
BRF:0
BRH:0
end_of_record
TN:
SF:routes/employees.js
FN:6,(anonymous_0)
FN:16,(anonymous_1)
FN:27,(anonymous_2)
FN:43,(anonymous_3)
FNF:4
FNH:1
FNDA:1,(anonymous_0)
FNDA:0,(anonymous_1)
FNDA:0,(anonymous_2)
FNDA:0,(anonymous_3)
DA:1,1
DA:2,1
DA:3,1
DA:6,1
DA:7,1
DA:8,1
DA:9,0
DA:11,0
DA:16,1
DA:17,0
DA:18,0
DA:19,0
DA:20,0
DA:22,0
DA:27,1
DA:28,0
DA:29,0
DA:30,0
DA:31,0
DA:32,0
DA:33,0
DA:35,0
DA:38,0
DA:43,1
DA:44,0
DA:45,0
DA:46,0
DA:47,0
DA:48,0
DA:50,0
DA:53,0
DA:57,1
LF:32
LH:10
BRDA:32,0,0,0
BRDA:32,0,1,0
BRDA:47,1,0,0
BRDA:47,1,1,0
BRF:4
BRH:0
end_of_record
TN:
SF:routes/trucks.js
FN:6,(anonymous_0)
FN:16,(anonymous_1)
FN:27,(anonymous_2)
FN:43,(anonymous_3)
FNF:4
FNH:4
FNDA:1,(anonymous_0)
FNDA:1,(anonymous_1)
FNDA:1,(anonymous_2)
FNDA:1,(anonymous_3)
DA:1,4
DA:2,4
DA:3,4
DA:6,4
DA:7,1
DA:8,1
DA:9,0
DA:11,0
DA:16,4
DA:17,1
DA:18,1
DA:19,1
DA:20,0
DA:22,1
DA:27,4
DA:28,1
DA:29,1
DA:30,1
DA:31,1
DA:32,0
DA:33,0
DA:35,0
DA:38,0
DA:43,4
DA:44,1
DA:45,1
DA:46,1
DA:47,0
DA:48,0
DA:50,0
DA:53,0
DA:57,4
LF:32
LH:21
BRDA:32,0,0,0
BRDA:32,0,1,0
BRDA:47,1,0,0
BRDA:47,1,1,0
BRF:4
BRH:0
end_of_record
